{"/Users/bilal/Desktop/engineering/projects/smoothie-recipebook-wxmngk/backend/src/routes/smoothieHandlers.ts": {"path":"/Users/bilal/Desktop/engineering/projects/smoothie-recipebook-wxmngk/backend/src/routes/smoothieHandlers.ts","statementMap":{"0":{"start":{"line":4,"column":31},"end":{"line":16,"column":2}},"1":{"start":{"line":4,"column":57},"end":{"line":16,"column":2}},"2":{"start":{"line":4,"column":95},"end":{"line":16,"column":2}},"3":{"start":{"line":5,"column":2},"end":{"line":15,"column":3}},"4":{"start":{"line":6,"column":22},"end":{"line":11,"column":6}},"5":{"start":{"line":12,"column":4},"end":{"line":12,"column":24}},"6":{"start":{"line":14,"column":4},"end":{"line":14,"column":65}},"7":{"start":{"line":4,"column":13},"end":{"line":4,"column":31}},"8":{"start":{"line":18,"column":31},"end":{"line":37,"column":2}},"9":{"start":{"line":18,"column":57},"end":{"line":37,"column":2}},"10":{"start":{"line":18,"column":95},"end":{"line":37,"column":2}},"11":{"start":{"line":19,"column":17},"end":{"line":19,"column":27}},"12":{"start":{"line":20,"column":2},"end":{"line":36,"column":3}},"13":{"start":{"line":21,"column":21},"end":{"line":27,"column":6}},"14":{"start":{"line":29,"column":4},"end":{"line":33,"column":5}},"15":{"start":{"line":30,"column":6},"end":{"line":30,"column":25}},"16":{"start":{"line":32,"column":6},"end":{"line":32,"column":60}},"17":{"start":{"line":35,"column":4},"end":{"line":35,"column":75}},"18":{"start":{"line":18,"column":13},"end":{"line":18,"column":31}},"19":{"start":{"line":39,"column":30},"end":{"line":78,"column":2}},"20":{"start":{"line":39,"column":56},"end":{"line":78,"column":2}},"21":{"start":{"line":39,"column":94},"end":{"line":78,"column":2}},"22":{"start":{"line":40,"column":38},"end":{"line":40,"column":46}},"23":{"start":{"line":41,"column":2},"end":{"line":77,"column":3}},"24":{"start":{"line":42,"column":21},"end":{"line":72,"column":6}},"25":{"start":{"line":46,"column":56},"end":{"line":55,"column":12}},"26":{"start":{"line":58,"column":50},"end":{"line":65,"column":12}},"27":{"start":{"line":74,"column":4},"end":{"line":74,"column":35}},"28":{"start":{"line":76,"column":4},"end":{"line":76,"column":65}},"29":{"start":{"line":39,"column":13},"end":{"line":39,"column":30}},"30":{"start":{"line":80,"column":30},"end":{"line":129,"column":2}},"31":{"start":{"line":80,"column":56},"end":{"line":129,"column":2}},"32":{"start":{"line":80,"column":94},"end":{"line":129,"column":2}},"33":{"start":{"line":81,"column":17},"end":{"line":81,"column":27}},"34":{"start":{"line":82,"column":38},"end":{"line":82,"column":46}},"35":{"start":{"line":84,"column":2},"end":{"line":128,"column":3}},"36":{"start":{"line":85,"column":4},"end":{"line":87,"column":7}},"37":{"start":{"line":89,"column":4},"end":{"line":91,"column":7}},"38":{"start":{"line":93,"column":21},"end":{"line":124,"column":6}},"39":{"start":{"line":98,"column":56},"end":{"line":107,"column":12}},"40":{"start":{"line":110,"column":50},"end":{"line":117,"column":12}},"41":{"start":{"line":125,"column":4},"end":{"line":125,"column":35}},"42":{"start":{"line":127,"column":4},"end":{"line":127,"column":65}},"43":{"start":{"line":80,"column":13},"end":{"line":80,"column":30}},"44":{"start":{"line":131,"column":30},"end":{"line":141,"column":2}},"45":{"start":{"line":131,"column":56},"end":{"line":141,"column":2}},"46":{"start":{"line":131,"column":94},"end":{"line":141,"column":2}},"47":{"start":{"line":132,"column":17},"end":{"line":132,"column":27}},"48":{"start":{"line":133,"column":2},"end":{"line":140,"column":3}},"49":{"start":{"line":134,"column":4},"end":{"line":136,"column":7}},"50":{"start":{"line":137,"column":4},"end":{"line":137,"column":46}},"51":{"start":{"line":139,"column":4},"end":{"line":139,"column":65}},"52":{"start":{"line":131,"column":13},"end":{"line":131,"column":30}}},"fnMap":{"0":{"name":"(anonymous_7)","decl":{"start":{"line":4,"column":31},"end":{"line":4,"column":32}},"loc":{"start":{"line":4,"column":57},"end":{"line":16,"column":2}}},"1":{"name":"(anonymous_8)","decl":{"start":{"line":4,"column":57},"end":{"line":4,"column":64}},"loc":{"start":{"line":4,"column":95},"end":{"line":16,"column":2}}},"2":{"name":"(anonymous_9)","decl":{"start":{"line":4,"column":95},"end":{"line":4,"column":null}},"loc":{"start":{"line":4,"column":95},"end":{"line":16,"column":1}}},"3":{"name":"(anonymous_10)","decl":{"start":{"line":18,"column":31},"end":{"line":18,"column":32}},"loc":{"start":{"line":18,"column":57},"end":{"line":37,"column":2}}},"4":{"name":"(anonymous_11)","decl":{"start":{"line":18,"column":57},"end":{"line":18,"column":64}},"loc":{"start":{"line":18,"column":95},"end":{"line":37,"column":2}}},"5":{"name":"(anonymous_12)","decl":{"start":{"line":18,"column":95},"end":{"line":18,"column":null}},"loc":{"start":{"line":18,"column":95},"end":{"line":37,"column":1}}},"6":{"name":"(anonymous_13)","decl":{"start":{"line":39,"column":30},"end":{"line":39,"column":31}},"loc":{"start":{"line":39,"column":56},"end":{"line":78,"column":2}}},"7":{"name":"(anonymous_14)","decl":{"start":{"line":39,"column":56},"end":{"line":39,"column":63}},"loc":{"start":{"line":39,"column":94},"end":{"line":78,"column":2}}},"8":{"name":"(anonymous_15)","decl":{"start":{"line":39,"column":94},"end":{"line":39,"column":null}},"loc":{"start":{"line":39,"column":94},"end":{"line":78,"column":1}}},"9":{"name":"(anonymous_16)","decl":{"start":{"line":46,"column":34},"end":{"line":46,"column":35}},"loc":{"start":{"line":46,"column":56},"end":{"line":55,"column":12}}},"10":{"name":"(anonymous_17)","decl":{"start":{"line":58,"column":28},"end":{"line":58,"column":29}},"loc":{"start":{"line":58,"column":50},"end":{"line":65,"column":12}}},"11":{"name":"(anonymous_18)","decl":{"start":{"line":80,"column":30},"end":{"line":80,"column":31}},"loc":{"start":{"line":80,"column":56},"end":{"line":129,"column":2}}},"12":{"name":"(anonymous_19)","decl":{"start":{"line":80,"column":56},"end":{"line":80,"column":63}},"loc":{"start":{"line":80,"column":94},"end":{"line":129,"column":2}}},"13":{"name":"(anonymous_20)","decl":{"start":{"line":80,"column":94},"end":{"line":80,"column":null}},"loc":{"start":{"line":80,"column":94},"end":{"line":129,"column":1}}},"14":{"name":"(anonymous_21)","decl":{"start":{"line":98,"column":34},"end":{"line":98,"column":35}},"loc":{"start":{"line":98,"column":56},"end":{"line":107,"column":12}}},"15":{"name":"(anonymous_22)","decl":{"start":{"line":110,"column":28},"end":{"line":110,"column":29}},"loc":{"start":{"line":110,"column":50},"end":{"line":117,"column":12}}},"16":{"name":"(anonymous_23)","decl":{"start":{"line":131,"column":30},"end":{"line":131,"column":31}},"loc":{"start":{"line":131,"column":56},"end":{"line":141,"column":2}}},"17":{"name":"(anonymous_24)","decl":{"start":{"line":131,"column":56},"end":{"line":131,"column":63}},"loc":{"start":{"line":131,"column":94},"end":{"line":141,"column":2}}},"18":{"name":"(anonymous_25)","decl":{"start":{"line":131,"column":94},"end":{"line":131,"column":null}},"loc":{"start":{"line":131,"column":94},"end":{"line":141,"column":1}}}},"branchMap":{"0":{"loc":{"start":{"line":29,"column":4},"end":{"line":33,"column":5}},"type":"if","locations":[{"start":{"line":29,"column":4},"end":{"line":33,"column":5}},{"start":{"line":31,"column":11},"end":{"line":33,"column":5}}]},"1":{"loc":{"start":{"line":58,"column":18},"end":{"line":65,"column":13}},"type":"cond-expr","locations":[{"start":{"line":58,"column":22},"end":{"line":58,"column":24}},{"start":{"line":58,"column":18},"end":{"line":65,"column":13}}]},"2":{"loc":{"start":{"line":58,"column":18},"end":{"line":58,"column":24}},"type":"binary-expr","locations":[{"start":{"line":58,"column":18},"end":{"line":58,"column":24}},{"start":{"line":58,"column":18},"end":{"line":58,"column":24}}]},"3":{"loc":{"start":{"line":110,"column":18},"end":{"line":117,"column":13}},"type":"cond-expr","locations":[{"start":{"line":110,"column":22},"end":{"line":110,"column":24}},{"start":{"line":110,"column":18},"end":{"line":117,"column":13}}]},"4":{"loc":{"start":{"line":110,"column":18},"end":{"line":110,"column":24}},"type":"binary-expr","locations":[{"start":{"line":110,"column":18},"end":{"line":110,"column":24}},{"start":{"line":110,"column":18},"end":{"line":110,"column":24}}]}},"s":{"0":1,"1":2,"2":2,"3":2,"4":2,"5":1,"6":1,"7":1,"8":1,"9":3,"10":3,"11":3,"12":3,"13":3,"14":2,"15":1,"16":1,"17":1,"18":1,"19":1,"20":2,"21":2,"22":2,"23":2,"24":2,"25":4,"26":4,"27":1,"28":1,"29":1,"30":1,"31":4,"32":4,"33":4,"34":4,"35":4,"36":4,"37":3,"38":2,"39":2,"40":2,"41":1,"42":3,"43":1,"44":1,"45":2,"46":2,"47":2,"48":2,"49":2,"50":1,"51":1,"52":1},"f":{"0":2,"1":2,"2":2,"3":3,"4":3,"5":3,"6":2,"7":2,"8":2,"9":4,"10":4,"11":4,"12":4,"13":4,"14":2,"15":2,"16":2,"17":2,"18":2},"b":{"0":[1,1],"1":[0,2],"2":[2,2],"3":[0,2],"4":[2,2]}}
}
