TN:
SF:src/routes/smoothieHandlers.ts
FN:4,(anonymous_7)
FN:4,(anonymous_8)
FN:4,(anonymous_9)
FN:18,(anonymous_10)
FN:18,(anonymous_11)
FN:18,(anonymous_12)
FN:39,(anonymous_13)
FN:39,(anonymous_14)
FN:39,(anonymous_15)
FN:46,(anonymous_16)
FN:58,(anonymous_17)
FN:80,(anonymous_18)
FN:80,(anonymous_19)
FN:80,(anonymous_20)
FN:98,(anonymous_21)
FN:110,(anonymous_22)
FN:131,(anonymous_23)
FN:131,(anonymous_24)
FN:131,(anonymous_25)
FNF:19
FNH:19
FNDA:2,(anonymous_7)
FNDA:2,(anonymous_8)
FNDA:2,(anonymous_9)
FNDA:3,(anonymous_10)
FNDA:3,(anonymous_11)
FNDA:3,(anonymous_12)
FNDA:2,(anonymous_13)
FNDA:2,(anonymous_14)
FNDA:2,(anonymous_15)
FNDA:4,(anonymous_16)
FNDA:4,(anonymous_17)
FNDA:4,(anonymous_18)
FNDA:4,(anonymous_19)
FNDA:4,(anonymous_20)
FNDA:2,(anonymous_21)
FNDA:2,(anonymous_22)
FNDA:2,(anonymous_23)
FNDA:2,(anonymous_24)
FNDA:2,(anonymous_25)
DA:4,2
DA:5,2
DA:6,2
DA:12,1
DA:14,1
DA:18,3
DA:19,3
DA:20,3
DA:21,3
DA:29,2
DA:30,1
DA:32,1
DA:35,1
DA:39,2
DA:40,2
DA:41,2
DA:42,2
DA:46,4
DA:58,4
DA:74,1
DA:76,1
DA:80,4
DA:81,4
DA:82,4
DA:84,4
DA:85,4
DA:89,3
DA:93,2
DA:98,2
DA:110,2
DA:125,1
DA:127,3
DA:131,2
DA:132,2
DA:133,2
DA:134,2
DA:137,1
DA:139,1
LF:38
LH:38
BRDA:29,0,0,1
BRDA:29,0,1,1
BRDA:58,1,0,0
BRDA:58,1,1,2
BRDA:58,2,0,2
BRDA:58,2,1,2
BRDA:110,3,0,0
BRDA:110,3,1,2
BRDA:110,4,0,2
BRDA:110,4,1,2
BRF:10
BRH:8
end_of_record
